[debug] [2021-07-01T06:33:20.835Z] ----------------------------------------------------------------------
[debug] [2021-07-01T06:33:20.836Z] Command:       /usr/local/bin/firebase /Users/devan/.cache/firebase/tools/lib/node_modules/firebase-tools/lib/bin/firebase deploy
[debug] [2021-07-01T06:33:20.837Z] CLI Version:   9.14.0
[debug] [2021-07-01T06:33:20.837Z] Platform:      darwin
[debug] [2021-07-01T06:33:20.837Z] Node Version:  v12.18.1
[debug] [2021-07-01T06:33:20.844Z] Time:          Wed Jun 30 2021 23:33:20 GMT-0700 (Pacific Daylight Time)
[debug] [2021-07-01T06:33:20.844Z] ----------------------------------------------------------------------
[debug] 
[debug] [2021-07-01T06:33:20.852Z] > command requires scopes: ["email","openid","https://www.googleapis.com/auth/cloudplatformprojects.readonly","https://www.googleapis.com/auth/firebase","https://www.googleapis.com/auth/cloud-platform"]
[debug] [2021-07-01T06:33:20.852Z] > authorizing via signed-in user (devanvelji@gmail.com)
[debug] [2021-07-01T06:33:20.852Z] [iam] checking project devanveljicom for permissions ["firebase.projects.get","firebasehosting.sites.update"]
[debug] [2021-07-01T06:33:20.854Z] >>> HTTP REQUEST POST https://cloudresourcemanager.googleapis.com/v1/projects/devanveljicom:testIamPermissions  
 {"permissions":["firebase.projects.get","firebasehosting.sites.update"]}
[debug] [2021-07-01T06:33:21.071Z] <<< HTTP RESPONSE 200 {"content-type":"application/json; charset=UTF-8","vary":"X-Origin, Referer, Origin,Accept-Encoding","date":"Thu, 01 Jul 2021 06:33:21 GMT","server":"ESF","cache-control":"private","x-xss-protection":"0","x-frame-options":"SAMEORIGIN","x-content-type-options":"nosniff","server-timing":"gfet4t7; dur=126","alt-svc":"h3=\":443\"; ma=2592000,h3-29=\":443\"; ma=2592000,h3-T051=\":443\"; ma=2592000,h3-Q050=\":443\"; ma=2592000,h3-Q046=\":443\"; ma=2592000,h3-Q043=\":443\"; ma=2592000,quic=\":443\"; ma=2592000; v=\"46,43\"","accept-ranges":"none","transfer-encoding":"chunked"}
[debug] [2021-07-01T06:33:21.073Z] > refreshing access token with scopes: []
[debug] [2021-07-01T06:33:21.073Z] >>> HTTP REQUEST POST https://www.googleapis.com/oauth2/v3/token  
 <request body omitted>
[debug] [2021-07-01T06:33:21.207Z] <<< HTTP RESPONSE 200 {"cache-control":"no-cache, no-store, max-age=0, must-revalidate","pragma":"no-cache","date":"Thu, 01 Jul 2021 06:33:21 GMT","expires":"Mon, 01 Jan 1990 00:00:00 GMT","content-type":"application/json; charset=utf-8","vary":"X-Origin, Referer, Origin,Accept-Encoding","server":"scaffolding on HTTPServer2","x-xss-protection":"0","x-frame-options":"SAMEORIGIN","x-content-type-options":"nosniff","alt-svc":"h3=\":443\"; ma=2592000,h3-29=\":443\"; ma=2592000,h3-T051=\":443\"; ma=2592000,h3-Q050=\":443\"; ma=2592000,h3-Q046=\":443\"; ma=2592000,h3-Q043=\":443\"; ma=2592000,quic=\":443\"; ma=2592000; v=\"46,43\"","accept-ranges":"none","transfer-encoding":"chunked"}
[debug] [2021-07-01T06:33:21.252Z] >>> [apiv2][query] GET https://firebase.googleapis.com/v1beta1/projects/devanveljicom [none]
[debug] [2021-07-01T06:33:21.453Z] <<< [apiv2][status] GET https://firebase.googleapis.com/v1beta1/projects/devanveljicom 200
[debug] [2021-07-01T06:33:21.453Z] <<< [apiv2][body] GET https://firebase.googleapis.com/v1beta1/projects/devanveljicom {"projectId":"devanveljicom","projectNumber":"581400374067","displayName":"devanveljicom","name":"projects/devanveljicom","resources":{"hostingSite":"devanveljicom"},"state":"ACTIVE"}
[info] 
[info] === Deploying to 'devanveljicom'...
[info] 
[info] i  deploying hosting 
[debug] [2021-07-01T06:33:21.460Z] > refreshing access token with scopes: ["email","https://www.googleapis.com/auth/cloud-platform","https://www.googleapis.com/auth/cloudplatformprojects.readonly","https://www.googleapis.com/auth/firebase","openid"]
[debug] [2021-07-01T06:33:21.461Z] >>> HTTP REQUEST POST https://www.googleapis.com/oauth2/v3/token  
 <request body omitted>
[debug] [2021-07-01T06:33:21.594Z] <<< HTTP RESPONSE 200 {"pragma":"no-cache","cache-control":"no-cache, no-store, max-age=0, must-revalidate","expires":"Mon, 01 Jan 1990 00:00:00 GMT","date":"Thu, 01 Jul 2021 06:33:21 GMT","content-type":"application/json; charset=utf-8","vary":"X-Origin, Referer, Origin,Accept-Encoding","server":"scaffolding on HTTPServer2","x-xss-protection":"0","x-frame-options":"SAMEORIGIN","x-content-type-options":"nosniff","alt-svc":"h3=\":443\"; ma=2592000,h3-29=\":443\"; ma=2592000,h3-T051=\":443\"; ma=2592000,h3-Q050=\":443\"; ma=2592000,h3-Q046=\":443\"; ma=2592000,h3-Q043=\":443\"; ma=2592000,quic=\":443\"; ma=2592000; v=\"46,43\"","accept-ranges":"none","transfer-encoding":"chunked"}
[debug] [2021-07-01T06:33:21.640Z] >>> HTTP REQUEST POST https://firebasehosting.googleapis.com/v1beta1/sites/devanveljicom/versions  
 {"config":{},"labels":{"deployment-tool":"cli-firebase"}}
[debug] [2021-07-01T06:33:22.383Z] <<< HTTP RESPONSE 200 {"content-type":"application/json; charset=UTF-8","vary":"X-Origin, Referer, Origin,Accept-Encoding","date":"Thu, 01 Jul 2021 06:33:22 GMT","server":"ESF","cache-control":"private","x-xss-protection":"0","x-frame-options":"SAMEORIGIN","x-content-type-options":"nosniff","alt-svc":"h3=\":443\"; ma=2592000,h3-29=\":443\"; ma=2592000,h3-T051=\":443\"; ma=2592000,h3-Q050=\":443\"; ma=2592000,h3-Q046=\":443\"; ma=2592000,h3-Q043=\":443\"; ma=2592000,quic=\":443\"; ma=2592000; v=\"46,43\"","accept-ranges":"none","transfer-encoding":"chunked"}
[info] i  hosting[devanveljicom]: beginning deploy... 
[info] i  hosting[devanveljicom]: found 10 files in _site 
[debug] [2021-07-01T06:33:22.418Z] > refreshing access token with scopes: []
[debug] [2021-07-01T06:33:22.418Z] >>> HTTP REQUEST POST https://www.googleapis.com/oauth2/v3/token  
 <request body omitted>
[debug] [2021-07-01T06:33:22.420Z] [hosting] hash cache [X3NpdGU] stored for 10 files
[debug] [2021-07-01T06:33:22.421Z] [hosting][hash queue][FINAL] {"max":8,"min":0,"avg":0.4,"active":0,"complete":10,"success":10,"errored":0,"retried":0,"total":10,"elapsed":13}
[debug] [2021-07-01T06:33:22.538Z] <<< HTTP RESPONSE 200 {"cache-control":"no-cache, no-store, max-age=0, must-revalidate","date":"Thu, 01 Jul 2021 06:33:22 GMT","pragma":"no-cache","expires":"Mon, 01 Jan 1990 00:00:00 GMT","content-type":"application/json; charset=utf-8","vary":"X-Origin, Referer, Origin,Accept-Encoding","server":"scaffolding on HTTPServer2","x-xss-protection":"0","x-frame-options":"SAMEORIGIN","x-content-type-options":"nosniff","alt-svc":"h3=\":443\"; ma=2592000,h3-29=\":443\"; ma=2592000,h3-T051=\":443\"; ma=2592000,h3-Q050=\":443\"; ma=2592000,h3-Q046=\":443\"; ma=2592000,h3-Q043=\":443\"; ma=2592000,quic=\":443\"; ma=2592000; v=\"46,43\"","accept-ranges":"none","transfer-encoding":"chunked"}
[debug] [2021-07-01T06:33:22.578Z] >>> [apiv2][query] POST https://firebasehosting.googleapis.com/v1beta1/sites/devanveljicom/versions/f693f3c9c5ad1dbb:populateFiles [none]
[debug] [2021-07-01T06:33:22.578Z] >>> [apiv2][body] POST https://firebasehosting.googleapis.com/v1beta1/sites/devanveljicom/versions/f693f3c9c5ad1dbb:populateFiles {"files":{"/404.html":"3c26cda7f505f2134e04a37e7e9a2d37c3354787d60c6622a102a5c4f3071a69","/about.html":"74394351d29af9f5793555819dbb9681ad56d8cb18b47002ef60f147dec61c20","/index.html":"bbc5b8b9088c3ce1f156d5465f14146eff1875d9b329220be84a01269de2f458","/_posts/2021-02-16-Uk-Transportation.md":"cf5b3c841934b08fc2c77ec587714262dab9076c09fd4e975a7f1146a7701725","/_posts/2021-06-06-hello.md":"f2e7c270565bd1140f67773fdb74b9c6a8ef4cba4dec2dc7d9cf1c5695c37dcd","/_posts/hello.html":"d8fd8dee2bd5cba87a8c67f48cbf6e3ff93b6da65724ffa3f32e3588cc8ae330","/assets/main.css.map":"4af4c40cb98ea749d52a02d88aa74a83bfc64274298609daad70c1144a6f1bbd","/assets/minima-social-icons.svg":"a83766902027eacc6d458c62539d4ff6a146d3a3542052036a4d452f64335020","/jekyll/update/2021/06/30/welcome-to-jekyll.html":"a77300b55729377cbceb7735660bfe3ed302f10ad280bb582621b454c5ac71b2","/assets/main.css":"a99b69ac86ab89b30689655fb05f4e840bee907680e44bd505ee711c15b72d8c"}}
[debug] [2021-07-01T06:33:22.998Z] <<< [apiv2][status] POST https://firebasehosting.googleapis.com/v1beta1/sites/devanveljicom/versions/f693f3c9c5ad1dbb:populateFiles 200
[debug] [2021-07-01T06:33:22.998Z] <<< [apiv2][body] POST https://firebasehosting.googleapis.com/v1beta1/sites/devanveljicom/versions/f693f3c9c5ad1dbb:populateFiles {"uploadRequiredHashes":["a99b69ac86ab89b30689655fb05f4e840bee907680e44bd505ee711c15b72d8c"],"uploadUrl":"https://upload-firebasehosting.googleapis.com/upload/sites/devanveljicom/versions/f693f3c9c5ad1dbb/files"}
[debug] [2021-07-01T06:33:23.000Z] >>> [apiv2][query] POST https://upload-firebasehosting.googleapis.com/upload/sites/devanveljicom/versions/f693f3c9c5ad1dbb/files/a99b69ac86ab89b30689655fb05f4e840bee907680e44bd505ee711c15b72d8c [none]
[debug] [2021-07-01T06:33:23.000Z] >>> [apiv2][body] POST https://upload-firebasehosting.googleapis.com/upload/sites/devanveljicom/versions/f693f3c9c5ad1dbb/files/a99b69ac86ab89b30689655fb05f4e840bee907680e44bd505ee711c15b72d8c [stream]
[debug] [2021-07-01T06:33:23.002Z] [hosting][populate queue][FINAL] {"max":583,"min":583,"avg":583,"active":0,"complete":1,"success":1,"errored":0,"retried":0,"total":1,"elapsed":585}
[debug] [2021-07-01T06:33:23.002Z] [hosting] uploads queued: 1
[debug] [2021-07-01T06:33:23.718Z] <<< [apiv2][status] POST https://upload-firebasehosting.googleapis.com/upload/sites/devanveljicom/versions/f693f3c9c5ad1dbb/files/a99b69ac86ab89b30689655fb05f4e840bee907680e44bd505ee711c15b72d8c 200
[debug] [2021-07-01T06:33:23.718Z] <<< [apiv2][body] POST https://upload-firebasehosting.googleapis.com/upload/sites/devanveljicom/versions/f693f3c9c5ad1dbb/files/a99b69ac86ab89b30689655fb05f4e840bee907680e44bd505ee711c15b72d8c [stream]
[debug] [2021-07-01T06:33:23.718Z] [hosting][upload queue][FINAL] {"max":719,"min":719,"avg":719,"active":0,"complete":1,"success":1,"errored":0,"retried":0,"total":1,"elapsed":719}
[info] ✔  hosting[devanveljicom]: file upload complete 
[debug] [2021-07-01T06:33:23.720Z] [hosting] deploy completed after 1334ms
[debug] [2021-07-01T06:33:23.722Z] [
  {
    "config": {
      "public": "_site",
      "ignore": [
        "firebase.json",
        "**/.*",
        "**/node_modules/**"
      ],
      "site": "devanveljicom"
    },
    "site": "devanveljicom",
    "version": "sites/devanveljicom/versions/f693f3c9c5ad1dbb"
  }
]
[info] i  hosting[devanveljicom]: finalizing version... 
[debug] [2021-07-01T06:33:23.724Z] > refreshing access token with scopes: ["email","https://www.googleapis.com/auth/cloud-platform","https://www.googleapis.com/auth/cloudplatformprojects.readonly","https://www.googleapis.com/auth/firebase","openid"]
[debug] [2021-07-01T06:33:23.724Z] >>> HTTP REQUEST POST https://www.googleapis.com/oauth2/v3/token  
 <request body omitted>
[debug] [2021-07-01T06:33:23.853Z] <<< HTTP RESPONSE 200 {"pragma":"no-cache","date":"Thu, 01 Jul 2021 06:33:23 GMT","cache-control":"no-cache, no-store, max-age=0, must-revalidate","expires":"Mon, 01 Jan 1990 00:00:00 GMT","content-type":"application/json; charset=utf-8","vary":"X-Origin, Referer, Origin,Accept-Encoding","server":"scaffolding on HTTPServer2","x-xss-protection":"0","x-frame-options":"SAMEORIGIN","x-content-type-options":"nosniff","alt-svc":"h3=\":443\"; ma=2592000,h3-29=\":443\"; ma=2592000,h3-T051=\":443\"; ma=2592000,h3-Q050=\":443\"; ma=2592000,h3-Q046=\":443\"; ma=2592000,h3-Q043=\":443\"; ma=2592000,quic=\":443\"; ma=2592000; v=\"46,43\"","accept-ranges":"none","transfer-encoding":"chunked"}
[debug] [2021-07-01T06:33:23.897Z] >>> HTTP REQUEST PATCH https://firebasehosting.googleapis.com/v1beta1/sites/devanveljicom/versions/f693f3c9c5ad1dbb?updateMask=status  
 {"status":"FINALIZED"}
